[debug] [2022-01-09T11:12:11.922Z] ----------------------------------------------------------------------
[debug] [2022-01-09T11:12:11.923Z] Command:       C:\Program Files\nodejs\node.exe C:\Users\Usuario\AppData\Roaming\npm\node_modules\firebase-tools\lib\bin\firebase.js emulators:start --only functions
[debug] [2022-01-09T11:12:11.924Z] CLI Version:   10.0.1
[debug] [2022-01-09T11:12:11.924Z] Platform:      win32
[debug] [2022-01-09T11:12:11.924Z] Node Version:  v16.13.0
[debug] [2022-01-09T11:12:11.925Z] Time:          Sun Jan 09 2022 12:12:11 GMT+0100 (hora estándar de Europa central)
[debug] [2022-01-09T11:12:11.925Z] ----------------------------------------------------------------------
[debug] 
[debug] [2022-01-09T11:12:11.969Z] > command requires scopes: ["email","openid","https://www.googleapis.com/auth/cloudplatformprojects.readonly","https://www.googleapis.com/auth/firebase","https://www.googleapis.com/auth/cloud-platform"]
[debug] [2022-01-09T11:12:11.969Z] > authorizing via signed-in user (diegomatesanzfuente@gmail.com)
[info] i  emulators: Starting emulators: functions {"metadata":{"emulator":{"name":"hub"},"message":"Starting emulators: functions"}}
[debug] [2022-01-09T11:12:11.983Z] [hub] writing locator at C:\Users\Usuario\AppData\Local\Temp\hub-vivameal.json
[warn] !  functions: The following emulators are not running, calls to these services from the Functions emulator will affect production: auth, firestore, database, hosting, pubsub, storage {"metadata":{"emulator":{"name":"functions"},"message":"The following emulators are not running, calls to these services from the Functions emulator will affect production: \u001b[1mauth, firestore, database, hosting, pubsub, storage\u001b[22m"}}
[info] +  functions: Using node@16 from host. {"metadata":{"emulator":{"name":"functions"},"message":"Using node@16 from host."}}
[debug] [2022-01-09T11:12:12.002Z] defaultcredentials: writing to file C:\Users\Usuario\AppData\Roaming\firebase\diegomatesanzfuente_gmail_com_application_default_credentials.json
[debug] [2022-01-09T11:12:12.004Z] Setting GAC to C:\Users\Usuario\AppData\Roaming\firebase\diegomatesanzfuente_gmail_com_application_default_credentials.json {"metadata":{"emulator":{"name":"functions"},"message":"Setting GAC to C:\\Users\\Usuario\\AppData\\Roaming\\firebase\\diegomatesanzfuente_gmail_com_application_default_credentials.json"}}
[debug] [2022-01-09T11:12:12.005Z] > refreshing access token with scopes: []
[debug] [2022-01-09T11:12:12.006Z] >>> HTTP REQUEST POST https://www.googleapis.com/oauth2/v3/token  
 <request body omitted>
[debug] [2022-01-09T11:12:12.118Z] <<< HTTP RESPONSE 200 {"cache-control":"no-cache, no-store, max-age=0, must-revalidate","pragma":"no-cache","expires":"Mon, 01 Jan 1990 00:00:00 GMT","date":"Sun, 09 Jan 2022 11:12:13 GMT","content-type":"application/json; charset=utf-8","vary":"X-Origin, Referer, Origin,Accept-Encoding","server":"scaffolding on HTTPServer2","x-xss-protection":"0","x-frame-options":"SAMEORIGIN","x-content-type-options":"nosniff","alt-svc":"h3=\":443\"; ma=2592000,h3-29=\":443\"; ma=2592000,h3-Q050=\":443\"; ma=2592000,h3-Q046=\":443\"; ma=2592000,h3-Q043=\":443\"; ma=2592000,quic=\":443\"; ma=2592000; v=\"46,43\"","accept-ranges":"none","transfer-encoding":"chunked"}
[debug] [2022-01-09T11:12:12.126Z] >>> [apiv2][query] GET https://firebase.googleapis.com/v1beta1/projects/vivameal/adminSdkConfig [none]
[debug] [2022-01-09T11:12:12.465Z] <<< [apiv2][status] GET https://firebase.googleapis.com/v1beta1/projects/vivameal/adminSdkConfig 200
[debug] [2022-01-09T11:12:12.465Z] <<< [apiv2][body] GET https://firebase.googleapis.com/v1beta1/projects/vivameal/adminSdkConfig {"projectId":"vivameal","storageBucket":"vivameal.appspot.com"}
[info] i  ui: downloading ui-v1.6.4.zip... {"metadata":{"emulator":{"name":"ui"},"message":"downloading ui-v1.6.4.zip..."}}
[debug] [2022-01-09T11:12:12.478Z] >>> [apiv2][query] GET https://storage.googleapis.com/firebase-preview-drop/emulator/ui-v1.6.4.zip 
[debug] [2022-01-09T11:12:12.713Z] <<< [apiv2][status] GET https://storage.googleapis.com/firebase-preview-drop/emulator/ui-v1.6.4.zip 200
[debug] [2022-01-09T11:12:12.713Z] <<< [apiv2][body] GET https://storage.googleapis.com/firebase-preview-drop/emulator/ui-v1.6.4.zip [stream]
[debug] [2022-01-09T11:12:12.886Z] Ignoring unsupported arg: auto_download {"metadata":{"emulator":{"name":"ui"},"message":"Ignoring unsupported arg: auto_download"}}
[debug] [2022-01-09T11:12:12.886Z] Ignoring unsupported arg: port {"metadata":{"emulator":{"name":"ui"},"message":"Ignoring unsupported arg: port"}}
[debug] [2022-01-09T11:12:12.886Z] Starting Emulator UI with command {"binary":"node","args":["C:\\Users\\Usuario\\.cache\\firebase\\emulators\\ui-v1.6.4\\server.bundle.js"],"optionalArgs":[],"joinArgs":false} {"metadata":{"emulator":{"name":"ui"},"message":"Starting Emulator UI with command {\"binary\":\"node\",\"args\":[\"C:\\\\Users\\\\Usuario\\\\.cache\\\\firebase\\\\emulators\\\\ui-v1.6.4\\\\server.bundle.js\"],\"optionalArgs\":[],\"joinArgs\":false}"}}
[info] i  ui: Emulator UI logging to ui-debug.log {"metadata":{"emulator":{"name":"ui"},"message":"Emulator UI logging to \u001b[1mui-debug.log\u001b[22m"}}
[debug] [2022-01-09T11:12:12.968Z] Web / API server started at localhost:4000
 {"metadata":{"emulator":{"name":"ui"},"message":"Web / API server started at localhost:4000\n"}}
[info] i  functions: Watching "C:\Users\Usuario\github\React\VivaMeal\functions" for Cloud Functions... {"metadata":{"emulator":{"name":"functions"},"message":"Watching \"C:\\Users\\Usuario\\github\\React\\VivaMeal\\functions\" for Cloud Functions..."}}
[debug] [2022-01-09T11:12:13.163Z] [worker-pool] addWorker(~diagnostic~) {"metadata":{"emulator":{"name":"functions"},"message":"[worker-pool] addWorker(~diagnostic~)"}}
[debug] [2022-01-09T11:12:13.164Z] [worker-pool] Adding worker with key ~diagnostic~, total=1 {"metadata":{"emulator":{"name":"functions"},"message":"[worker-pool] Adding worker with key ~diagnostic~, total=1"}}
[debug] [2022-01-09T11:12:13.164Z] [worker-pool] submitWork(triggerId=) {"metadata":{"emulator":{"name":"functions"},"message":"[worker-pool] submitWork(triggerId=)"}}
[debug] [2022-01-09T11:12:13.164Z] [worker-~diagnostic~-c0f243af-3616-4c49-a45f-c0af3b45c30e]: Assigning socketPath: \\?\pipe\C:\Users\Usuario\github\React\VivaMeal\functions\9568 {"metadata":{"emulator":{"name":"functions"},"message":"[worker-~diagnostic~-c0f243af-3616-4c49-a45f-c0af3b45c30e]: Assigning socketPath: \\\\?\\pipe\\C:\\Users\\Usuario\\github\\React\\VivaMeal\\functions\\9568"}}
[debug] [2022-01-09T11:12:13.164Z] [worker-~diagnostic~-c0f243af-3616-4c49-a45f-c0af3b45c30e]: BUSY {"metadata":{"emulator":{"name":"functions"},"message":"[worker-~diagnostic~-c0f243af-3616-4c49-a45f-c0af3b45c30e]: BUSY"}}
[debug] [2022-01-09T11:12:13.290Z] [runtime-status] [9568] Functions runtime initialized. {"cwd":"C:\\Users\\Usuario\\github\\React\\VivaMeal\\functions","node_version":"16.13.0"} {"metadata":{"emulator":{"name":"functions"},"message":"[runtime-status] [9568] Functions runtime initialized. {\"cwd\":\"C:\\\\Users\\\\Usuario\\\\github\\\\React\\\\VivaMeal\\\\functions\",\"node_version\":\"16.13.0\"}"}}
[debug] [2022-01-09T11:12:13.291Z] [runtime-status] [9568] Disabled runtime features: undefined {"metadata":{"emulator":{"name":"functions"},"message":"[runtime-status] [9568] Disabled runtime features: undefined"}}
[debug] [2022-01-09T11:12:13.293Z] [runtime-status] [9568] Resolved module firebase-admin {"declared":true,"installed":true,"version":"9.12.0","resolution":"C:\\Users\\Usuario\\github\\React\\VivaMeal\\functions\\node_modules\\firebase-admin\\lib\\index.js"} {"metadata":{"emulator":{"name":"functions"},"message":"[runtime-status] [9568] Resolved module firebase-admin {\"declared\":true,\"installed\":true,\"version\":\"9.12.0\",\"resolution\":\"C:\\\\Users\\\\Usuario\\\\github\\\\React\\\\VivaMeal\\\\functions\\\\node_modules\\\\firebase-admin\\\\lib\\\\index.js\"}"}}
[debug] [2022-01-09T11:12:13.295Z] [runtime-status] [9568] Resolved module firebase-functions {"declared":true,"installed":true,"version":"3.16.0","resolution":"C:\\Users\\Usuario\\github\\React\\VivaMeal\\functions\\node_modules\\firebase-functions\\lib\\index.js"} {"metadata":{"emulator":{"name":"functions"},"message":"[runtime-status] [9568] Resolved module firebase-functions {\"declared\":true,\"installed\":true,\"version\":\"3.16.0\",\"resolution\":\"C:\\\\Users\\\\Usuario\\\\github\\\\React\\\\VivaMeal\\\\functions\\\\node_modules\\\\firebase-functions\\\\lib\\\\index.js\"}"}}
[debug] [2022-01-09T11:12:13.296Z] [runtime-status] [9568] Outgoing network have been stubbed. [{"name":"http","status":"mocked"},{"name":"http","status":"mocked"},{"name":"https","status":"mocked"},{"name":"https","status":"mocked"},{"name":"net","status":"mocked"}] {"metadata":{"emulator":{"name":"functions"},"message":"[runtime-status] [9568] Outgoing network have been stubbed. [{\"name\":\"http\",\"status\":\"mocked\"},{\"name\":\"http\",\"status\":\"mocked\"},{\"name\":\"https\",\"status\":\"mocked\"},{\"name\":\"https\",\"status\":\"mocked\"},{\"name\":\"net\",\"status\":\"mocked\"}]"}}
[debug] [2022-01-09T11:12:13.297Z] [runtime-status] [9568] Resolved module firebase-functions {"declared":true,"installed":true,"version":"3.16.0","resolution":"C:\\Users\\Usuario\\github\\React\\VivaMeal\\functions\\node_modules\\firebase-functions\\lib\\index.js"} {"metadata":{"emulator":{"name":"functions"},"message":"[runtime-status] [9568] Resolved module firebase-functions {\"declared\":true,\"installed\":true,\"version\":\"3.16.0\",\"resolution\":\"C:\\\\Users\\\\Usuario\\\\github\\\\React\\\\VivaMeal\\\\functions\\\\node_modules\\\\firebase-functions\\\\lib\\\\index.js\"}"}}
[debug] [2022-01-09T11:12:13.332Z] [runtime-status] [9568] Checked functions.config() {"config":{}} {"metadata":{"emulator":{"name":"functions"},"message":"[runtime-status] [9568] Checked functions.config() {\"config\":{}}"}}
[debug] [2022-01-09T11:12:13.332Z] [runtime-status] [9568] firebase-functions has been stubbed. {"functionsResolution":{"declared":true,"installed":true,"version":"3.16.0","resolution":"C:\\Users\\Usuario\\github\\React\\VivaMeal\\functions\\node_modules\\firebase-functions\\lib\\index.js"}} {"metadata":{"emulator":{"name":"functions"},"message":"[runtime-status] [9568] firebase-functions has been stubbed. {\"functionsResolution\":{\"declared\":true,\"installed\":true,\"version\":\"3.16.0\",\"resolution\":\"C:\\\\Users\\\\Usuario\\\\github\\\\React\\\\VivaMeal\\\\functions\\\\node_modules\\\\firebase-functions\\\\lib\\\\index.js\"}}"}}
[debug] [2022-01-09T11:12:13.333Z] [runtime-status] [9568] Resolved module firebase-functions {"declared":true,"installed":true,"version":"3.16.0","resolution":"C:\\Users\\Usuario\\github\\React\\VivaMeal\\functions\\node_modules\\firebase-functions\\lib\\index.js"} {"metadata":{"emulator":{"name":"functions"},"message":"[runtime-status] [9568] Resolved module firebase-functions {\"declared\":true,\"installed\":true,\"version\":\"3.16.0\",\"resolution\":\"C:\\\\Users\\\\Usuario\\\\github\\\\React\\\\VivaMeal\\\\functions\\\\node_modules\\\\firebase-functions\\\\lib\\\\index.js\"}"}}
[debug] [2022-01-09T11:12:13.334Z] [runtime-status] [9568] Resolved module firebase-admin {"declared":true,"installed":true,"version":"9.12.0","resolution":"C:\\Users\\Usuario\\github\\React\\VivaMeal\\functions\\node_modules\\firebase-admin\\lib\\index.js"} {"metadata":{"emulator":{"name":"functions"},"message":"[runtime-status] [9568] Resolved module firebase-admin {\"declared\":true,\"installed\":true,\"version\":\"9.12.0\",\"resolution\":\"C:\\\\Users\\\\Usuario\\\\github\\\\React\\\\VivaMeal\\\\functions\\\\node_modules\\\\firebase-admin\\\\lib\\\\index.js\"}"}}
[debug] [2022-01-09T11:12:13.334Z] [runtime-status] [9568] Resolved module firebase-functions {"declared":true,"installed":true,"version":"3.16.0","resolution":"C:\\Users\\Usuario\\github\\React\\VivaMeal\\functions\\node_modules\\firebase-functions\\lib\\index.js"} {"metadata":{"emulator":{"name":"functions"},"message":"[runtime-status] [9568] Resolved module firebase-functions {\"declared\":true,\"installed\":true,\"version\":\"3.16.0\",\"resolution\":\"C:\\\\Users\\\\Usuario\\\\github\\\\React\\\\VivaMeal\\\\functions\\\\node_modules\\\\firebase-functions\\\\lib\\\\index.js\"}"}}
[debug] [2022-01-09T11:12:13.335Z] [runtime-status] [9568] firebase-admin has been stubbed. {"adminResolution":{"declared":true,"installed":true,"version":"9.12.0","resolution":"C:\\Users\\Usuario\\github\\React\\VivaMeal\\functions\\node_modules\\firebase-admin\\lib\\index.js"}} {"metadata":{"emulator":{"name":"functions"},"message":"[runtime-status] [9568] firebase-admin has been stubbed. {\"adminResolution\":{\"declared\":true,\"installed\":true,\"version\":\"9.12.0\",\"resolution\":\"C:\\\\Users\\\\Usuario\\\\github\\\\React\\\\VivaMeal\\\\functions\\\\node_modules\\\\firebase-admin\\\\lib\\\\index.js\"}}"}}
[info] 
┌─────────────────────────────────────────────────────────────┐
│ ✔  All emulators ready! It is now safe to connect your app. │
│ i  View Emulator UI at http://localhost:4000                │
└─────────────────────────────────────────────────────────────┘

┌───────────┬────────────────┬─────────────────────────────────┐
│ Emulator  │ Host:Port      │ View in Emulator UI             │
├───────────┼────────────────┼─────────────────────────────────┤
│ Functions │ localhost:5001 │ http://localhost:4000/functions │
└───────────┴────────────────┴─────────────────────────────────┘
  Emulator Hub running at localhost:4400
  Other reserved ports: 4500

Issues? Report them at https://github.com/firebase/firebase-tools/issues and attach the *-debug.log files.
 
[debug] [2022-01-09T11:12:13.339Z] [worker-~diagnostic~-c0f243af-3616-4c49-a45f-c0af3b45c30e]: IDLE {"metadata":{"emulator":{"name":"functions"},"message":"[worker-~diagnostic~-c0f243af-3616-4c49-a45f-c0af3b45c30e]: IDLE"}}
[debug] [2022-01-09T11:14:07.700Z] File C:\Users\Usuario\github\React\VivaMeal\functions\index.js changed, reloading triggers {"metadata":{"emulator":{"name":"functions"},"message":"File C:\\Users\\Usuario\\github\\React\\VivaMeal\\functions\\index.js changed, reloading triggers"}}
[debug] [2022-01-09T11:14:08.701Z] [worker-pool] Shutting down IDLE worker (~diagnostic~) {"metadata":{"emulator":{"name":"functions"},"message":"[worker-pool] Shutting down IDLE worker (~diagnostic~)"}}
[debug] [2022-01-09T11:14:08.701Z] [worker-~diagnostic~-c0f243af-3616-4c49-a45f-c0af3b45c30e]: FINISHING {"metadata":{"emulator":{"name":"functions"},"message":"[worker-~diagnostic~-c0f243af-3616-4c49-a45f-c0af3b45c30e]: FINISHING"}}
[debug] [2022-01-09T11:14:08.705Z] [worker-pool] addWorker(~diagnostic~) {"metadata":{"emulator":{"name":"functions"},"message":"[worker-pool] addWorker(~diagnostic~)"}}
[debug] [2022-01-09T11:14:08.705Z] [worker-pool] Adding worker with key ~diagnostic~, total=2 {"metadata":{"emulator":{"name":"functions"},"message":"[worker-pool] Adding worker with key ~diagnostic~, total=2"}}
[debug] [2022-01-09T11:14:08.705Z] [worker-pool] submitWork(triggerId=) {"metadata":{"emulator":{"name":"functions"},"message":"[worker-pool] submitWork(triggerId=)"}}
[debug] [2022-01-09T11:14:08.705Z] [worker-~diagnostic~-0f3ba9e7-1cee-4e8a-88b6-65c24f52ce6c]: Assigning socketPath: \\?\pipe\C:\Users\Usuario\github\React\VivaMeal\functions\9764 {"metadata":{"emulator":{"name":"functions"},"message":"[worker-~diagnostic~-0f3ba9e7-1cee-4e8a-88b6-65c24f52ce6c]: Assigning socketPath: \\\\?\\pipe\\C:\\Users\\Usuario\\github\\React\\VivaMeal\\functions\\9764"}}
[debug] [2022-01-09T11:14:08.705Z] [worker-~diagnostic~-0f3ba9e7-1cee-4e8a-88b6-65c24f52ce6c]: BUSY {"metadata":{"emulator":{"name":"functions"},"message":"[worker-~diagnostic~-0f3ba9e7-1cee-4e8a-88b6-65c24f52ce6c]: BUSY"}}
[debug] [2022-01-09T11:14:08.706Z] [worker-~diagnostic~-c0f243af-3616-4c49-a45f-c0af3b45c30e]: exited {"metadata":{"emulator":{"name":"functions"},"message":"[worker-~diagnostic~-c0f243af-3616-4c49-a45f-c0af3b45c30e]: exited"}}
[debug] [2022-01-09T11:14:08.706Z] [worker-~diagnostic~-c0f243af-3616-4c49-a45f-c0af3b45c30e]: FINISHED {"metadata":{"emulator":{"name":"functions"},"message":"[worker-~diagnostic~-c0f243af-3616-4c49-a45f-c0af3b45c30e]: FINISHED"}}
[debug] [2022-01-09T11:14:08.830Z] [runtime-status] [9764] Functions runtime initialized. {"cwd":"C:\\Users\\Usuario\\github\\React\\VivaMeal\\functions","node_version":"16.13.0"} {"metadata":{"emulator":{"name":"functions"},"message":"[runtime-status] [9764] Functions runtime initialized. {\"cwd\":\"C:\\\\Users\\\\Usuario\\\\github\\\\React\\\\VivaMeal\\\\functions\",\"node_version\":\"16.13.0\"}"}}
[debug] [2022-01-09T11:14:08.830Z] [runtime-status] [9764] Disabled runtime features: undefined {"metadata":{"emulator":{"name":"functions"},"message":"[runtime-status] [9764] Disabled runtime features: undefined"}}
[debug] [2022-01-09T11:14:08.833Z] [runtime-status] [9764] Resolved module firebase-admin {"declared":true,"installed":true,"version":"9.12.0","resolution":"C:\\Users\\Usuario\\github\\React\\VivaMeal\\functions\\node_modules\\firebase-admin\\lib\\index.js"} {"metadata":{"emulator":{"name":"functions"},"message":"[runtime-status] [9764] Resolved module firebase-admin {\"declared\":true,\"installed\":true,\"version\":\"9.12.0\",\"resolution\":\"C:\\\\Users\\\\Usuario\\\\github\\\\React\\\\VivaMeal\\\\functions\\\\node_modules\\\\firebase-admin\\\\lib\\\\index.js\"}"}}
[debug] [2022-01-09T11:14:08.835Z] [runtime-status] [9764] Resolved module firebase-functions {"declared":true,"installed":true,"version":"3.16.0","resolution":"C:\\Users\\Usuario\\github\\React\\VivaMeal\\functions\\node_modules\\firebase-functions\\lib\\index.js"} {"metadata":{"emulator":{"name":"functions"},"message":"[runtime-status] [9764] Resolved module firebase-functions {\"declared\":true,\"installed\":true,\"version\":\"3.16.0\",\"resolution\":\"C:\\\\Users\\\\Usuario\\\\github\\\\React\\\\VivaMeal\\\\functions\\\\node_modules\\\\firebase-functions\\\\lib\\\\index.js\"}"}}
[debug] [2022-01-09T11:14:08.836Z] [runtime-status] [9764] Outgoing network have been stubbed. [{"name":"http","status":"mocked"},{"name":"http","status":"mocked"},{"name":"https","status":"mocked"},{"name":"https","status":"mocked"},{"name":"net","status":"mocked"}] {"metadata":{"emulator":{"name":"functions"},"message":"[runtime-status] [9764] Outgoing network have been stubbed. [{\"name\":\"http\",\"status\":\"mocked\"},{\"name\":\"http\",\"status\":\"mocked\"},{\"name\":\"https\",\"status\":\"mocked\"},{\"name\":\"https\",\"status\":\"mocked\"},{\"name\":\"net\",\"status\":\"mocked\"}]"}}
[debug] [2022-01-09T11:14:08.837Z] [runtime-status] [9764] Resolved module firebase-functions {"declared":true,"installed":true,"version":"3.16.0","resolution":"C:\\Users\\Usuario\\github\\React\\VivaMeal\\functions\\node_modules\\firebase-functions\\lib\\index.js"} {"metadata":{"emulator":{"name":"functions"},"message":"[runtime-status] [9764] Resolved module firebase-functions {\"declared\":true,\"installed\":true,\"version\":\"3.16.0\",\"resolution\":\"C:\\\\Users\\\\Usuario\\\\github\\\\React\\\\VivaMeal\\\\functions\\\\node_modules\\\\firebase-functions\\\\lib\\\\index.js\"}"}}
[debug] [2022-01-09T11:14:08.871Z] [runtime-status] [9764] Checked functions.config() {"config":{}} {"metadata":{"emulator":{"name":"functions"},"message":"[runtime-status] [9764] Checked functions.config() {\"config\":{}}"}}
[debug] [2022-01-09T11:14:08.871Z] [runtime-status] [9764] firebase-functions has been stubbed. {"functionsResolution":{"declared":true,"installed":true,"version":"3.16.0","resolution":"C:\\Users\\Usuario\\github\\React\\VivaMeal\\functions\\node_modules\\firebase-functions\\lib\\index.js"}} {"metadata":{"emulator":{"name":"functions"},"message":"[runtime-status] [9764] firebase-functions has been stubbed. {\"functionsResolution\":{\"declared\":true,\"installed\":true,\"version\":\"3.16.0\",\"resolution\":\"C:\\\\Users\\\\Usuario\\\\github\\\\React\\\\VivaMeal\\\\functions\\\\node_modules\\\\firebase-functions\\\\lib\\\\index.js\"}}"}}
[debug] [2022-01-09T11:14:08.872Z] [runtime-status] [9764] Resolved module firebase-functions {"declared":true,"installed":true,"version":"3.16.0","resolution":"C:\\Users\\Usuario\\github\\React\\VivaMeal\\functions\\node_modules\\firebase-functions\\lib\\index.js"} {"metadata":{"emulator":{"name":"functions"},"message":"[runtime-status] [9764] Resolved module firebase-functions {\"declared\":true,\"installed\":true,\"version\":\"3.16.0\",\"resolution\":\"C:\\\\Users\\\\Usuario\\\\github\\\\React\\\\VivaMeal\\\\functions\\\\node_modules\\\\firebase-functions\\\\lib\\\\index.js\"}"}}
[debug] [2022-01-09T11:14:08.873Z] [runtime-status] [9764] Resolved module firebase-admin {"declared":true,"installed":true,"version":"9.12.0","resolution":"C:\\Users\\Usuario\\github\\React\\VivaMeal\\functions\\node_modules\\firebase-admin\\lib\\index.js"} {"metadata":{"emulator":{"name":"functions"},"message":"[runtime-status] [9764] Resolved module firebase-admin {\"declared\":true,\"installed\":true,\"version\":\"9.12.0\",\"resolution\":\"C:\\\\Users\\\\Usuario\\\\github\\\\React\\\\VivaMeal\\\\functions\\\\node_modules\\\\firebase-admin\\\\lib\\\\index.js\"}"}}
[debug] [2022-01-09T11:14:08.874Z] [runtime-status] [9764] Resolved module firebase-functions {"declared":true,"installed":true,"version":"3.16.0","resolution":"C:\\Users\\Usuario\\github\\React\\VivaMeal\\functions\\node_modules\\firebase-functions\\lib\\index.js"} {"metadata":{"emulator":{"name":"functions"},"message":"[runtime-status] [9764] Resolved module firebase-functions {\"declared\":true,\"installed\":true,\"version\":\"3.16.0\",\"resolution\":\"C:\\\\Users\\\\Usuario\\\\github\\\\React\\\\VivaMeal\\\\functions\\\\node_modules\\\\firebase-functions\\\\lib\\\\index.js\"}"}}
[debug] [2022-01-09T11:14:08.874Z] [runtime-status] [9764] firebase-admin has been stubbed. {"adminResolution":{"declared":true,"installed":true,"version":"9.12.0","resolution":"C:\\Users\\Usuario\\github\\React\\VivaMeal\\functions\\node_modules\\firebase-admin\\lib\\index.js"}} {"metadata":{"emulator":{"name":"functions"},"message":"[runtime-status] [9764] firebase-admin has been stubbed. {\"adminResolution\":{\"declared\":true,\"installed\":true,\"version\":\"9.12.0\",\"resolution\":\"C:\\\\Users\\\\Usuario\\\\github\\\\React\\\\VivaMeal\\\\functions\\\\node_modules\\\\firebase-admin\\\\lib\\\\index.js\"}}"}}
[info] +  functions[us-central1-helloWorld]: http function initialized (http://localhost:5001/vivameal/us-central1/helloWorld). {"metadata":{"emulator":{"name":"functions"},"message":"\u001b[1mhttp\u001b[22m function initialized (http://localhost:5001/vivameal/us-central1/helloWorld)."}}
[debug] [2022-01-09T11:14:08.876Z] [worker-~diagnostic~-0f3ba9e7-1cee-4e8a-88b6-65c24f52ce6c]: IDLE {"metadata":{"emulator":{"name":"functions"},"message":"[worker-~diagnostic~-0f3ba9e7-1cee-4e8a-88b6-65c24f52ce6c]: IDLE"}}
[debug] [2022-01-09T11:15:29.770Z] [work-queue] {"queueLength":1,"workRunningCount":0}
[debug] [2022-01-09T11:15:29.770Z] [work-queue] {"queueLength":0,"workRunningCount":1}
[debug] [2022-01-09T11:15:29.770Z] Accepted request GET /vivameal/us-central1/helloWorld --> us-central1-helloWorld
[debug] [2022-01-09T11:15:29.771Z] [worker-pool] Cleaned up workers for ~diagnostic~: 2 --> 1 {"metadata":{"emulator":{"name":"functions"},"message":"[worker-pool] Cleaned up workers for ~diagnostic~: 2 --> 1"}}
[debug] [2022-01-09T11:15:29.774Z] [worker-pool] addWorker(us-central1-helloWorld) {"metadata":{"emulator":{"name":"functions"},"message":"[worker-pool] addWorker(us-central1-helloWorld)"}}
[debug] [2022-01-09T11:15:29.774Z] [worker-pool] Adding worker with key us-central1-helloWorld, total=1 {"metadata":{"emulator":{"name":"functions"},"message":"[worker-pool] Adding worker with key us-central1-helloWorld, total=1"}}
[debug] [2022-01-09T11:15:29.774Z] [worker-pool] submitWork(triggerId=us-central1-helloWorld) {"metadata":{"emulator":{"name":"functions"},"message":"[worker-pool] submitWork(triggerId=us-central1-helloWorld)"}}
[debug] [2022-01-09T11:15:29.774Z] [worker-us-central1-helloWorld-3925b774-04aa-4ed6-9ba9-2628bb45dd91]: Assigning socketPath: \\?\pipe\C:\Users\Usuario\github\React\VivaMeal\functions\19080 {"metadata":{"emulator":{"name":"functions"},"message":"[worker-us-central1-helloWorld-3925b774-04aa-4ed6-9ba9-2628bb45dd91]: Assigning socketPath: \\\\?\\pipe\\C:\\Users\\Usuario\\github\\React\\VivaMeal\\functions\\19080"}}
[debug] [2022-01-09T11:15:29.774Z] [worker-us-central1-helloWorld-3925b774-04aa-4ed6-9ba9-2628bb45dd91]: BUSY {"metadata":{"emulator":{"name":"functions"},"message":"[worker-us-central1-helloWorld-3925b774-04aa-4ed6-9ba9-2628bb45dd91]: BUSY"}}
[debug] [2022-01-09T11:15:29.895Z] [runtime-status] [19080] Functions runtime initialized. {"cwd":"C:\\Users\\Usuario\\github\\React\\VivaMeal\\functions","node_version":"16.13.0"} {"metadata":{"emulator":{"name":"functions"},"function":{"name":"us-central1-helloWorld"},"message":"[runtime-status] [19080] Functions runtime initialized. {\"cwd\":\"C:\\\\Users\\\\Usuario\\\\github\\\\React\\\\VivaMeal\\\\functions\",\"node_version\":\"16.13.0\"}"}}
[debug] [2022-01-09T11:15:29.896Z] [runtime-status] [19080] Disabled runtime features: undefined {"metadata":{"emulator":{"name":"functions"},"function":{"name":"us-central1-helloWorld"},"message":"[runtime-status] [19080] Disabled runtime features: undefined"}}
[debug] [2022-01-09T11:15:29.898Z] [runtime-status] [19080] Resolved module firebase-admin {"declared":true,"installed":true,"version":"9.12.0","resolution":"C:\\Users\\Usuario\\github\\React\\VivaMeal\\functions\\node_modules\\firebase-admin\\lib\\index.js"} {"metadata":{"emulator":{"name":"functions"},"function":{"name":"us-central1-helloWorld"},"message":"[runtime-status] [19080] Resolved module firebase-admin {\"declared\":true,\"installed\":true,\"version\":\"9.12.0\",\"resolution\":\"C:\\\\Users\\\\Usuario\\\\github\\\\React\\\\VivaMeal\\\\functions\\\\node_modules\\\\firebase-admin\\\\lib\\\\index.js\"}"}}
[debug] [2022-01-09T11:15:29.900Z] [runtime-status] [19080] Resolved module firebase-functions {"declared":true,"installed":true,"version":"3.16.0","resolution":"C:\\Users\\Usuario\\github\\React\\VivaMeal\\functions\\node_modules\\firebase-functions\\lib\\index.js"} {"metadata":{"emulator":{"name":"functions"},"function":{"name":"us-central1-helloWorld"},"message":"[runtime-status] [19080] Resolved module firebase-functions {\"declared\":true,\"installed\":true,\"version\":\"3.16.0\",\"resolution\":\"C:\\\\Users\\\\Usuario\\\\github\\\\React\\\\VivaMeal\\\\functions\\\\node_modules\\\\firebase-functions\\\\lib\\\\index.js\"}"}}
[debug] [2022-01-09T11:15:29.902Z] [runtime-status] [19080] Outgoing network have been stubbed. [{"name":"http","status":"mocked"},{"name":"http","status":"mocked"},{"name":"https","status":"mocked"},{"name":"https","status":"mocked"},{"name":"net","status":"mocked"}] {"metadata":{"emulator":{"name":"functions"},"function":{"name":"us-central1-helloWorld"},"message":"[runtime-status] [19080] Outgoing network have been stubbed. [{\"name\":\"http\",\"status\":\"mocked\"},{\"name\":\"http\",\"status\":\"mocked\"},{\"name\":\"https\",\"status\":\"mocked\"},{\"name\":\"https\",\"status\":\"mocked\"},{\"name\":\"net\",\"status\":\"mocked\"}]"}}
[debug] [2022-01-09T11:15:29.902Z] [runtime-status] [19080] Resolved module firebase-functions {"declared":true,"installed":true,"version":"3.16.0","resolution":"C:\\Users\\Usuario\\github\\React\\VivaMeal\\functions\\node_modules\\firebase-functions\\lib\\index.js"} {"metadata":{"emulator":{"name":"functions"},"function":{"name":"us-central1-helloWorld"},"message":"[runtime-status] [19080] Resolved module firebase-functions {\"declared\":true,\"installed\":true,\"version\":\"3.16.0\",\"resolution\":\"C:\\\\Users\\\\Usuario\\\\github\\\\React\\\\VivaMeal\\\\functions\\\\node_modules\\\\firebase-functions\\\\lib\\\\index.js\"}"}}
[debug] [2022-01-09T11:15:29.936Z] [runtime-status] [19080] Checked functions.config() {"config":{}} {"metadata":{"emulator":{"name":"functions"},"function":{"name":"us-central1-helloWorld"},"message":"[runtime-status] [19080] Checked functions.config() {\"config\":{}}"}}
[debug] [2022-01-09T11:15:29.937Z] [runtime-status] [19080] firebase-functions has been stubbed. {"functionsResolution":{"declared":true,"installed":true,"version":"3.16.0","resolution":"C:\\Users\\Usuario\\github\\React\\VivaMeal\\functions\\node_modules\\firebase-functions\\lib\\index.js"}} {"metadata":{"emulator":{"name":"functions"},"function":{"name":"us-central1-helloWorld"},"message":"[runtime-status] [19080] firebase-functions has been stubbed. {\"functionsResolution\":{\"declared\":true,\"installed\":true,\"version\":\"3.16.0\",\"resolution\":\"C:\\\\Users\\\\Usuario\\\\github\\\\React\\\\VivaMeal\\\\functions\\\\node_modules\\\\firebase-functions\\\\lib\\\\index.js\"}}"}}
[debug] [2022-01-09T11:15:29.937Z] [runtime-status] [19080] Resolved module firebase-functions {"declared":true,"installed":true,"version":"3.16.0","resolution":"C:\\Users\\Usuario\\github\\React\\VivaMeal\\functions\\node_modules\\firebase-functions\\lib\\index.js"} {"metadata":{"emulator":{"name":"functions"},"function":{"name":"us-central1-helloWorld"},"message":"[runtime-status] [19080] Resolved module firebase-functions {\"declared\":true,\"installed\":true,\"version\":\"3.16.0\",\"resolution\":\"C:\\\\Users\\\\Usuario\\\\github\\\\React\\\\VivaMeal\\\\functions\\\\node_modules\\\\firebase-functions\\\\lib\\\\index.js\"}"}}
[debug] [2022-01-09T11:15:29.938Z] [runtime-status] [19080] Resolved module firebase-admin {"declared":true,"installed":true,"version":"9.12.0","resolution":"C:\\Users\\Usuario\\github\\React\\VivaMeal\\functions\\node_modules\\firebase-admin\\lib\\index.js"} {"metadata":{"emulator":{"name":"functions"},"function":{"name":"us-central1-helloWorld"},"message":"[runtime-status] [19080] Resolved module firebase-admin {\"declared\":true,\"installed\":true,\"version\":\"9.12.0\",\"resolution\":\"C:\\\\Users\\\\Usuario\\\\github\\\\React\\\\VivaMeal\\\\functions\\\\node_modules\\\\firebase-admin\\\\lib\\\\index.js\"}"}}
[debug] [2022-01-09T11:15:29.939Z] [runtime-status] [19080] Resolved module firebase-functions {"declared":true,"installed":true,"version":"3.16.0","resolution":"C:\\Users\\Usuario\\github\\React\\VivaMeal\\functions\\node_modules\\firebase-functions\\lib\\index.js"} {"metadata":{"emulator":{"name":"functions"},"function":{"name":"us-central1-helloWorld"},"message":"[runtime-status] [19080] Resolved module firebase-functions {\"declared\":true,\"installed\":true,\"version\":\"3.16.0\",\"resolution\":\"C:\\\\Users\\\\Usuario\\\\github\\\\React\\\\VivaMeal\\\\functions\\\\node_modules\\\\firebase-functions\\\\lib\\\\index.js\"}"}}
[debug] [2022-01-09T11:15:29.939Z] [runtime-status] [19080] firebase-admin has been stubbed. {"adminResolution":{"declared":true,"installed":true,"version":"9.12.0","resolution":"C:\\Users\\Usuario\\github\\React\\VivaMeal\\functions\\node_modules\\firebase-admin\\lib\\index.js"}} {"metadata":{"emulator":{"name":"functions"},"function":{"name":"us-central1-helloWorld"},"message":"[runtime-status] [19080] firebase-admin has been stubbed. {\"adminResolution\":{\"declared\":true,\"installed\":true,\"version\":\"9.12.0\",\"resolution\":\"C:\\\\Users\\\\Usuario\\\\github\\\\React\\\\VivaMeal\\\\functions\\\\node_modules\\\\firebase-admin\\\\lib\\\\index.js\"}}"}}
[debug] [2022-01-09T11:15:29.941Z] [runtime-status] [19080] Trigger "us-central1-helloWorld" has been found, beginning invocation! {"metadata":{"emulator":{"name":"functions"},"function":{"name":"us-central1-helloWorld"},"message":"[runtime-status] [19080] Trigger \"us-central1-helloWorld\" has been found, beginning invocation!"}}
[info] i  functions: Beginning execution of "us-central1-helloWorld" {"metadata":{"emulator":{"name":"functions"},"function":{"name":"us-central1-helloWorld"},"message":"Beginning execution of \"us-central1-helloWorld\""}}
[debug] [2022-01-09T11:15:29.942Z] [runtime-status] [19080] triggerDefinition {"httpsTrigger":{},"name":"helloWorld","entryPoint":"helloWorld","regions":["us-central1"],"region":"us-central1","id":"us-central1-helloWorld","platform":"gcfv1"} {"metadata":{"emulator":{"name":"functions"},"function":{"name":"us-central1-helloWorld"},"message":"[runtime-status] [19080] triggerDefinition {\"httpsTrigger\":{},\"name\":\"helloWorld\",\"entryPoint\":\"helloWorld\",\"regions\":[\"us-central1\"],\"region\":\"us-central1\",\"id\":\"us-central1-helloWorld\",\"platform\":\"gcfv1\"}"}}
[debug] [2022-01-09T11:15:29.942Z] [runtime-status] [19080] Running us-central1-helloWorld in signature http {"metadata":{"emulator":{"name":"functions"},"function":{"name":"us-central1-helloWorld"},"message":"[runtime-status] [19080] Running us-central1-helloWorld in signature http"}}
[debug] [2022-01-09T11:15:29.944Z] [runtime-status] [19080] Attempting to listen to socketPath: \\?\pipe\C:\Users\Usuario\github\React\VivaMeal\functions\19080 {"metadata":{"emulator":{"name":"functions"},"function":{"name":"us-central1-helloWorld"},"message":"[runtime-status] [19080] Attempting to listen to socketPath: \\\\?\\pipe\\C:\\Users\\Usuario\\github\\React\\VivaMeal\\functions\\19080"}}
[debug] [2022-01-09T11:15:29.946Z] [functions] Runtime ready! Sending request! {"metadata":{"emulator":{"name":"functions"},"message":"[functions] Runtime ready! Sending request!"}}
[debug] [2022-01-09T11:15:29.946Z] [functions] Got req.url=/vivameal/us-central1/helloWorld, mapping to path=/ {"metadata":{"emulator":{"name":"functions"},"message":"[functions] Got req.url=/vivameal/us-central1/helloWorld, mapping to path=/"}}
[debug] [2022-01-09T11:15:29.950Z] [runtime-status] [19080] Ephemeral server handling GET request {"metadata":{"emulator":{"name":"functions"},"function":{"name":"us-central1-helloWorld"},"message":"[runtime-status] [19080] Ephemeral server handling GET request"}}
[info] >  {"structuredData":true,"severity":"INFO","message":"Hello logs!"} {"user":{"structuredData":true,"severity":"INFO","message":"Hello logs!"},"metadata":{"emulator":{"name":"functions"},"function":{"name":"us-central1-helloWorld"},"message":"\u001b[90m> \u001b[39m {\"structuredData\":true,\"severity\":\"INFO\",\"message\":\"Hello logs!\"}"}}
[debug] [2022-01-09T11:15:29.954Z] [runtime-status] [19080] Ephemeral server survived. {"metadata":{"emulator":{"name":"functions"},"function":{"name":"us-central1-helloWorld"},"message":"[runtime-status] [19080] Ephemeral server survived."}}
[info] i  functions: Finished "us-central1-helloWorld" in ~1s {"metadata":{"emulator":{"name":"functions"},"function":{"name":"us-central1-helloWorld"},"message":"Finished \"us-central1-helloWorld\" in ~1s"}}
[debug] [2022-01-09T11:15:29.956Z] [worker-us-central1-helloWorld-3925b774-04aa-4ed6-9ba9-2628bb45dd91]: IDLE {"metadata":{"emulator":{"name":"functions"},"message":"[worker-us-central1-helloWorld-3925b774-04aa-4ed6-9ba9-2628bb45dd91]: IDLE"}}
[debug] [2022-01-09T11:15:29.957Z] [work-queue] {"queueLength":0,"workRunningCount":0}
[debug] [2022-01-09T11:15:30.003Z] Functions emulator received unknown request at path /favicon.ico
[debug] [2022-01-09T11:16:16.013Z] File C:\Users\Usuario\github\React\VivaMeal\functions\index.js changed, reloading triggers {"metadata":{"emulator":{"name":"functions"},"message":"File C:\\Users\\Usuario\\github\\React\\VivaMeal\\functions\\index.js changed, reloading triggers"}}
[debug] [2022-01-09T11:16:17.026Z] [worker-pool] Shutting down IDLE worker (~diagnostic~) {"metadata":{"emulator":{"name":"functions"},"message":"[worker-pool] Shutting down IDLE worker (~diagnostic~)"}}
[debug] [2022-01-09T11:16:17.026Z] [worker-~diagnostic~-0f3ba9e7-1cee-4e8a-88b6-65c24f52ce6c]: FINISHING {"metadata":{"emulator":{"name":"functions"},"message":"[worker-~diagnostic~-0f3ba9e7-1cee-4e8a-88b6-65c24f52ce6c]: FINISHING"}}
[debug] [2022-01-09T11:16:17.026Z] [worker-pool] Shutting down IDLE worker (us-central1-helloWorld) {"metadata":{"emulator":{"name":"functions"},"message":"[worker-pool] Shutting down IDLE worker (us-central1-helloWorld)"}}
[debug] [2022-01-09T11:16:17.026Z] [worker-us-central1-helloWorld-3925b774-04aa-4ed6-9ba9-2628bb45dd91]: FINISHING {"metadata":{"emulator":{"name":"functions"},"message":"[worker-us-central1-helloWorld-3925b774-04aa-4ed6-9ba9-2628bb45dd91]: FINISHING"}}
[debug] [2022-01-09T11:16:17.030Z] [worker-pool] addWorker(~diagnostic~) {"metadata":{"emulator":{"name":"functions"},"message":"[worker-pool] addWorker(~diagnostic~)"}}
[debug] [2022-01-09T11:16:17.030Z] [worker-pool] Adding worker with key ~diagnostic~, total=2 {"metadata":{"emulator":{"name":"functions"},"message":"[worker-pool] Adding worker with key ~diagnostic~, total=2"}}
[debug] [2022-01-09T11:16:17.031Z] [worker-pool] submitWork(triggerId=) {"metadata":{"emulator":{"name":"functions"},"message":"[worker-pool] submitWork(triggerId=)"}}
[debug] [2022-01-09T11:16:17.031Z] [worker-~diagnostic~-db162f22-e421-4636-9fa0-0ecafef81b20]: Assigning socketPath: \\?\pipe\C:\Users\Usuario\github\React\VivaMeal\functions\3896 {"metadata":{"emulator":{"name":"functions"},"message":"[worker-~diagnostic~-db162f22-e421-4636-9fa0-0ecafef81b20]: Assigning socketPath: \\\\?\\pipe\\C:\\Users\\Usuario\\github\\React\\VivaMeal\\functions\\3896"}}
[debug] [2022-01-09T11:16:17.031Z] [worker-~diagnostic~-db162f22-e421-4636-9fa0-0ecafef81b20]: BUSY {"metadata":{"emulator":{"name":"functions"},"message":"[worker-~diagnostic~-db162f22-e421-4636-9fa0-0ecafef81b20]: BUSY"}}
[debug] [2022-01-09T11:16:17.031Z] [worker-~diagnostic~-0f3ba9e7-1cee-4e8a-88b6-65c24f52ce6c]: exited {"metadata":{"emulator":{"name":"functions"},"message":"[worker-~diagnostic~-0f3ba9e7-1cee-4e8a-88b6-65c24f52ce6c]: exited"}}
[debug] [2022-01-09T11:16:17.031Z] [worker-~diagnostic~-0f3ba9e7-1cee-4e8a-88b6-65c24f52ce6c]: FINISHED {"metadata":{"emulator":{"name":"functions"},"message":"[worker-~diagnostic~-0f3ba9e7-1cee-4e8a-88b6-65c24f52ce6c]: FINISHED"}}
[debug] [2022-01-09T11:16:17.031Z] [worker-us-central1-helloWorld-3925b774-04aa-4ed6-9ba9-2628bb45dd91]: exited {"metadata":{"emulator":{"name":"functions"},"message":"[worker-us-central1-helloWorld-3925b774-04aa-4ed6-9ba9-2628bb45dd91]: exited"}}
[debug] [2022-01-09T11:16:17.031Z] [worker-us-central1-helloWorld-3925b774-04aa-4ed6-9ba9-2628bb45dd91]: FINISHED {"metadata":{"emulator":{"name":"functions"},"message":"[worker-us-central1-helloWorld-3925b774-04aa-4ed6-9ba9-2628bb45dd91]: FINISHED"}}
[debug] [2022-01-09T11:16:17.152Z] [runtime-status] [3896] Functions runtime initialized. {"cwd":"C:\\Users\\Usuario\\github\\React\\VivaMeal\\functions","node_version":"16.13.0"} {"metadata":{"emulator":{"name":"functions"},"message":"[runtime-status] [3896] Functions runtime initialized. {\"cwd\":\"C:\\\\Users\\\\Usuario\\\\github\\\\React\\\\VivaMeal\\\\functions\",\"node_version\":\"16.13.0\"}"}}
[debug] [2022-01-09T11:16:17.153Z] [runtime-status] [3896] Disabled runtime features: undefined {"metadata":{"emulator":{"name":"functions"},"message":"[runtime-status] [3896] Disabled runtime features: undefined"}}
[debug] [2022-01-09T11:16:17.155Z] [runtime-status] [3896] Resolved module firebase-admin {"declared":true,"installed":true,"version":"9.12.0","resolution":"C:\\Users\\Usuario\\github\\React\\VivaMeal\\functions\\node_modules\\firebase-admin\\lib\\index.js"} {"metadata":{"emulator":{"name":"functions"},"message":"[runtime-status] [3896] Resolved module firebase-admin {\"declared\":true,\"installed\":true,\"version\":\"9.12.0\",\"resolution\":\"C:\\\\Users\\\\Usuario\\\\github\\\\React\\\\VivaMeal\\\\functions\\\\node_modules\\\\firebase-admin\\\\lib\\\\index.js\"}"}}
[debug] [2022-01-09T11:16:17.158Z] [runtime-status] [3896] Resolved module firebase-functions {"declared":true,"installed":true,"version":"3.16.0","resolution":"C:\\Users\\Usuario\\github\\React\\VivaMeal\\functions\\node_modules\\firebase-functions\\lib\\index.js"} {"metadata":{"emulator":{"name":"functions"},"message":"[runtime-status] [3896] Resolved module firebase-functions {\"declared\":true,\"installed\":true,\"version\":\"3.16.0\",\"resolution\":\"C:\\\\Users\\\\Usuario\\\\github\\\\React\\\\VivaMeal\\\\functions\\\\node_modules\\\\firebase-functions\\\\lib\\\\index.js\"}"}}
[debug] [2022-01-09T11:16:17.159Z] [runtime-status] [3896] Outgoing network have been stubbed. [{"name":"http","status":"mocked"},{"name":"http","status":"mocked"},{"name":"https","status":"mocked"},{"name":"https","status":"mocked"},{"name":"net","status":"mocked"}] {"metadata":{"emulator":{"name":"functions"},"message":"[runtime-status] [3896] Outgoing network have been stubbed. [{\"name\":\"http\",\"status\":\"mocked\"},{\"name\":\"http\",\"status\":\"mocked\"},{\"name\":\"https\",\"status\":\"mocked\"},{\"name\":\"https\",\"status\":\"mocked\"},{\"name\":\"net\",\"status\":\"mocked\"}]"}}
[debug] [2022-01-09T11:16:17.160Z] [runtime-status] [3896] Resolved module firebase-functions {"declared":true,"installed":true,"version":"3.16.0","resolution":"C:\\Users\\Usuario\\github\\React\\VivaMeal\\functions\\node_modules\\firebase-functions\\lib\\index.js"} {"metadata":{"emulator":{"name":"functions"},"message":"[runtime-status] [3896] Resolved module firebase-functions {\"declared\":true,\"installed\":true,\"version\":\"3.16.0\",\"resolution\":\"C:\\\\Users\\\\Usuario\\\\github\\\\React\\\\VivaMeal\\\\functions\\\\node_modules\\\\firebase-functions\\\\lib\\\\index.js\"}"}}
[debug] [2022-01-09T11:16:17.194Z] [runtime-status] [3896] Checked functions.config() {"config":{}} {"metadata":{"emulator":{"name":"functions"},"message":"[runtime-status] [3896] Checked functions.config() {\"config\":{}}"}}
[debug] [2022-01-09T11:16:17.194Z] [runtime-status] [3896] firebase-functions has been stubbed. {"functionsResolution":{"declared":true,"installed":true,"version":"3.16.0","resolution":"C:\\Users\\Usuario\\github\\React\\VivaMeal\\functions\\node_modules\\firebase-functions\\lib\\index.js"}} {"metadata":{"emulator":{"name":"functions"},"message":"[runtime-status] [3896] firebase-functions has been stubbed. {\"functionsResolution\":{\"declared\":true,\"installed\":true,\"version\":\"3.16.0\",\"resolution\":\"C:\\\\Users\\\\Usuario\\\\github\\\\React\\\\VivaMeal\\\\functions\\\\node_modules\\\\firebase-functions\\\\lib\\\\index.js\"}}"}}
[debug] [2022-01-09T11:16:17.195Z] [runtime-status] [3896] Resolved module firebase-functions {"declared":true,"installed":true,"version":"3.16.0","resolution":"C:\\Users\\Usuario\\github\\React\\VivaMeal\\functions\\node_modules\\firebase-functions\\lib\\index.js"} {"metadata":{"emulator":{"name":"functions"},"message":"[runtime-status] [3896] Resolved module firebase-functions {\"declared\":true,\"installed\":true,\"version\":\"3.16.0\",\"resolution\":\"C:\\\\Users\\\\Usuario\\\\github\\\\React\\\\VivaMeal\\\\functions\\\\node_modules\\\\firebase-functions\\\\lib\\\\index.js\"}"}}
[debug] [2022-01-09T11:16:17.196Z] [runtime-status] [3896] Resolved module firebase-admin {"declared":true,"installed":true,"version":"9.12.0","resolution":"C:\\Users\\Usuario\\github\\React\\VivaMeal\\functions\\node_modules\\firebase-admin\\lib\\index.js"} {"metadata":{"emulator":{"name":"functions"},"message":"[runtime-status] [3896] Resolved module firebase-admin {\"declared\":true,\"installed\":true,\"version\":\"9.12.0\",\"resolution\":\"C:\\\\Users\\\\Usuario\\\\github\\\\React\\\\VivaMeal\\\\functions\\\\node_modules\\\\firebase-admin\\\\lib\\\\index.js\"}"}}
[debug] [2022-01-09T11:16:17.197Z] [runtime-status] [3896] Resolved module firebase-functions {"declared":true,"installed":true,"version":"3.16.0","resolution":"C:\\Users\\Usuario\\github\\React\\VivaMeal\\functions\\node_modules\\firebase-functions\\lib\\index.js"} {"metadata":{"emulator":{"name":"functions"},"message":"[runtime-status] [3896] Resolved module firebase-functions {\"declared\":true,\"installed\":true,\"version\":\"3.16.0\",\"resolution\":\"C:\\\\Users\\\\Usuario\\\\github\\\\React\\\\VivaMeal\\\\functions\\\\node_modules\\\\firebase-functions\\\\lib\\\\index.js\"}"}}
[debug] [2022-01-09T11:16:17.197Z] [runtime-status] [3896] firebase-admin has been stubbed. {"adminResolution":{"declared":true,"installed":true,"version":"9.12.0","resolution":"C:\\Users\\Usuario\\github\\React\\VivaMeal\\functions\\node_modules\\firebase-admin\\lib\\index.js"}} {"metadata":{"emulator":{"name":"functions"},"message":"[runtime-status] [3896] firebase-admin has been stubbed. {\"adminResolution\":{\"declared\":true,\"installed\":true,\"version\":\"9.12.0\",\"resolution\":\"C:\\\\Users\\\\Usuario\\\\github\\\\React\\\\VivaMeal\\\\functions\\\\node_modules\\\\firebase-admin\\\\lib\\\\index.js\"}}"}}
[debug] [2022-01-09T11:16:17.199Z] [worker-~diagnostic~-db162f22-e421-4636-9fa0-0ecafef81b20]: IDLE {"metadata":{"emulator":{"name":"functions"},"message":"[worker-~diagnostic~-db162f22-e421-4636-9fa0-0ecafef81b20]: IDLE"}}
[debug] [2022-01-09T11:16:23.623Z] [work-queue] {"queueLength":1,"workRunningCount":0}
[debug] [2022-01-09T11:16:23.623Z] [work-queue] {"queueLength":0,"workRunningCount":1}
[debug] [2022-01-09T11:16:23.623Z] Accepted request GET /vivameal/us-central1/helloWorld --> us-central1-helloWorld
[debug] [2022-01-09T11:16:23.623Z] [worker-pool] Cleaned up workers for ~diagnostic~: 2 --> 1 {"metadata":{"emulator":{"name":"functions"},"message":"[worker-pool] Cleaned up workers for ~diagnostic~: 2 --> 1"}}
[debug] [2022-01-09T11:16:23.623Z] [worker-pool] Cleaned up workers for us-central1-helloWorld: 1 --> 0 {"metadata":{"emulator":{"name":"functions"},"message":"[worker-pool] Cleaned up workers for us-central1-helloWorld: 1 --> 0"}}
[debug] [2022-01-09T11:16:23.627Z] [worker-pool] addWorker(us-central1-helloWorld) {"metadata":{"emulator":{"name":"functions"},"message":"[worker-pool] addWorker(us-central1-helloWorld)"}}
[debug] [2022-01-09T11:16:23.627Z] [worker-pool] Adding worker with key us-central1-helloWorld, total=1 {"metadata":{"emulator":{"name":"functions"},"message":"[worker-pool] Adding worker with key us-central1-helloWorld, total=1"}}
[debug] [2022-01-09T11:16:23.627Z] [worker-pool] submitWork(triggerId=us-central1-helloWorld) {"metadata":{"emulator":{"name":"functions"},"message":"[worker-pool] submitWork(triggerId=us-central1-helloWorld)"}}
[debug] [2022-01-09T11:16:23.627Z] [worker-us-central1-helloWorld-49264f33-37d9-4dad-8399-926e933171d3]: Assigning socketPath: \\?\pipe\C:\Users\Usuario\github\React\VivaMeal\functions\19320 {"metadata":{"emulator":{"name":"functions"},"message":"[worker-us-central1-helloWorld-49264f33-37d9-4dad-8399-926e933171d3]: Assigning socketPath: \\\\?\\pipe\\C:\\Users\\Usuario\\github\\React\\VivaMeal\\functions\\19320"}}
[debug] [2022-01-09T11:16:23.627Z] [worker-us-central1-helloWorld-49264f33-37d9-4dad-8399-926e933171d3]: BUSY {"metadata":{"emulator":{"name":"functions"},"message":"[worker-us-central1-helloWorld-49264f33-37d9-4dad-8399-926e933171d3]: BUSY"}}
[debug] [2022-01-09T11:16:23.747Z] [runtime-status] [19320] Functions runtime initialized. {"cwd":"C:\\Users\\Usuario\\github\\React\\VivaMeal\\functions","node_version":"16.13.0"} {"metadata":{"emulator":{"name":"functions"},"function":{"name":"us-central1-helloWorld"},"message":"[runtime-status] [19320] Functions runtime initialized. {\"cwd\":\"C:\\\\Users\\\\Usuario\\\\github\\\\React\\\\VivaMeal\\\\functions\",\"node_version\":\"16.13.0\"}"}}
[debug] [2022-01-09T11:16:23.748Z] [runtime-status] [19320] Disabled runtime features: undefined {"metadata":{"emulator":{"name":"functions"},"function":{"name":"us-central1-helloWorld"},"message":"[runtime-status] [19320] Disabled runtime features: undefined"}}
[debug] [2022-01-09T11:16:23.750Z] [runtime-status] [19320] Resolved module firebase-admin {"declared":true,"installed":true,"version":"9.12.0","resolution":"C:\\Users\\Usuario\\github\\React\\VivaMeal\\functions\\node_modules\\firebase-admin\\lib\\index.js"} {"metadata":{"emulator":{"name":"functions"},"function":{"name":"us-central1-helloWorld"},"message":"[runtime-status] [19320] Resolved module firebase-admin {\"declared\":true,\"installed\":true,\"version\":\"9.12.0\",\"resolution\":\"C:\\\\Users\\\\Usuario\\\\github\\\\React\\\\VivaMeal\\\\functions\\\\node_modules\\\\firebase-admin\\\\lib\\\\index.js\"}"}}
[debug] [2022-01-09T11:16:23.752Z] [runtime-status] [19320] Resolved module firebase-functions {"declared":true,"installed":true,"version":"3.16.0","resolution":"C:\\Users\\Usuario\\github\\React\\VivaMeal\\functions\\node_modules\\firebase-functions\\lib\\index.js"} {"metadata":{"emulator":{"name":"functions"},"function":{"name":"us-central1-helloWorld"},"message":"[runtime-status] [19320] Resolved module firebase-functions {\"declared\":true,\"installed\":true,\"version\":\"3.16.0\",\"resolution\":\"C:\\\\Users\\\\Usuario\\\\github\\\\React\\\\VivaMeal\\\\functions\\\\node_modules\\\\firebase-functions\\\\lib\\\\index.js\"}"}}
[debug] [2022-01-09T11:16:23.753Z] [runtime-status] [19320] Outgoing network have been stubbed. [{"name":"http","status":"mocked"},{"name":"http","status":"mocked"},{"name":"https","status":"mocked"},{"name":"https","status":"mocked"},{"name":"net","status":"mocked"}] {"metadata":{"emulator":{"name":"functions"},"function":{"name":"us-central1-helloWorld"},"message":"[runtime-status] [19320] Outgoing network have been stubbed. [{\"name\":\"http\",\"status\":\"mocked\"},{\"name\":\"http\",\"status\":\"mocked\"},{\"name\":\"https\",\"status\":\"mocked\"},{\"name\":\"https\",\"status\":\"mocked\"},{\"name\":\"net\",\"status\":\"mocked\"}]"}}
[debug] [2022-01-09T11:16:23.754Z] [runtime-status] [19320] Resolved module firebase-functions {"declared":true,"installed":true,"version":"3.16.0","resolution":"C:\\Users\\Usuario\\github\\React\\VivaMeal\\functions\\node_modules\\firebase-functions\\lib\\index.js"} {"metadata":{"emulator":{"name":"functions"},"function":{"name":"us-central1-helloWorld"},"message":"[runtime-status] [19320] Resolved module firebase-functions {\"declared\":true,\"installed\":true,\"version\":\"3.16.0\",\"resolution\":\"C:\\\\Users\\\\Usuario\\\\github\\\\React\\\\VivaMeal\\\\functions\\\\node_modules\\\\firebase-functions\\\\lib\\\\index.js\"}"}}
[debug] [2022-01-09T11:16:23.788Z] [runtime-status] [19320] Checked functions.config() {"config":{}} {"metadata":{"emulator":{"name":"functions"},"function":{"name":"us-central1-helloWorld"},"message":"[runtime-status] [19320] Checked functions.config() {\"config\":{}}"}}
[debug] [2022-01-09T11:16:23.789Z] [runtime-status] [19320] firebase-functions has been stubbed. {"functionsResolution":{"declared":true,"installed":true,"version":"3.16.0","resolution":"C:\\Users\\Usuario\\github\\React\\VivaMeal\\functions\\node_modules\\firebase-functions\\lib\\index.js"}} {"metadata":{"emulator":{"name":"functions"},"function":{"name":"us-central1-helloWorld"},"message":"[runtime-status] [19320] firebase-functions has been stubbed. {\"functionsResolution\":{\"declared\":true,\"installed\":true,\"version\":\"3.16.0\",\"resolution\":\"C:\\\\Users\\\\Usuario\\\\github\\\\React\\\\VivaMeal\\\\functions\\\\node_modules\\\\firebase-functions\\\\lib\\\\index.js\"}}"}}
[debug] [2022-01-09T11:16:23.789Z] [runtime-status] [19320] Resolved module firebase-functions {"declared":true,"installed":true,"version":"3.16.0","resolution":"C:\\Users\\Usuario\\github\\React\\VivaMeal\\functions\\node_modules\\firebase-functions\\lib\\index.js"} {"metadata":{"emulator":{"name":"functions"},"function":{"name":"us-central1-helloWorld"},"message":"[runtime-status] [19320] Resolved module firebase-functions {\"declared\":true,\"installed\":true,\"version\":\"3.16.0\",\"resolution\":\"C:\\\\Users\\\\Usuario\\\\github\\\\React\\\\VivaMeal\\\\functions\\\\node_modules\\\\firebase-functions\\\\lib\\\\index.js\"}"}}
[debug] [2022-01-09T11:16:23.790Z] [runtime-status] [19320] Resolved module firebase-admin {"declared":true,"installed":true,"version":"9.12.0","resolution":"C:\\Users\\Usuario\\github\\React\\VivaMeal\\functions\\node_modules\\firebase-admin\\lib\\index.js"} {"metadata":{"emulator":{"name":"functions"},"function":{"name":"us-central1-helloWorld"},"message":"[runtime-status] [19320] Resolved module firebase-admin {\"declared\":true,\"installed\":true,\"version\":\"9.12.0\",\"resolution\":\"C:\\\\Users\\\\Usuario\\\\github\\\\React\\\\VivaMeal\\\\functions\\\\node_modules\\\\firebase-admin\\\\lib\\\\index.js\"}"}}
[debug] [2022-01-09T11:16:23.791Z] [runtime-status] [19320] Resolved module firebase-functions {"declared":true,"installed":true,"version":"3.16.0","resolution":"C:\\Users\\Usuario\\github\\React\\VivaMeal\\functions\\node_modules\\firebase-functions\\lib\\index.js"} {"metadata":{"emulator":{"name":"functions"},"function":{"name":"us-central1-helloWorld"},"message":"[runtime-status] [19320] Resolved module firebase-functions {\"declared\":true,\"installed\":true,\"version\":\"3.16.0\",\"resolution\":\"C:\\\\Users\\\\Usuario\\\\github\\\\React\\\\VivaMeal\\\\functions\\\\node_modules\\\\firebase-functions\\\\lib\\\\index.js\"}"}}
[debug] [2022-01-09T11:16:23.791Z] [runtime-status] [19320] firebase-admin has been stubbed. {"adminResolution":{"declared":true,"installed":true,"version":"9.12.0","resolution":"C:\\Users\\Usuario\\github\\React\\VivaMeal\\functions\\node_modules\\firebase-admin\\lib\\index.js"}} {"metadata":{"emulator":{"name":"functions"},"function":{"name":"us-central1-helloWorld"},"message":"[runtime-status] [19320] firebase-admin has been stubbed. {\"adminResolution\":{\"declared\":true,\"installed\":true,\"version\":\"9.12.0\",\"resolution\":\"C:\\\\Users\\\\Usuario\\\\github\\\\React\\\\VivaMeal\\\\functions\\\\node_modules\\\\firebase-admin\\\\lib\\\\index.js\"}}"}}
[debug] [2022-01-09T11:16:23.793Z] [runtime-status] [19320] Trigger "us-central1-helloWorld" has been found, beginning invocation! {"metadata":{"emulator":{"name":"functions"},"function":{"name":"us-central1-helloWorld"},"message":"[runtime-status] [19320] Trigger \"us-central1-helloWorld\" has been found, beginning invocation!"}}
[info] i  functions: Beginning execution of "us-central1-helloWorld" {"metadata":{"emulator":{"name":"functions"},"function":{"name":"us-central1-helloWorld"},"message":"Beginning execution of \"us-central1-helloWorld\""}}
[debug] [2022-01-09T11:16:23.793Z] [runtime-status] [19320] triggerDefinition {"httpsTrigger":{},"name":"helloWorld","entryPoint":"helloWorld","regions":["us-central1"],"region":"us-central1","id":"us-central1-helloWorld","platform":"gcfv1"} {"metadata":{"emulator":{"name":"functions"},"function":{"name":"us-central1-helloWorld"},"message":"[runtime-status] [19320] triggerDefinition {\"httpsTrigger\":{},\"name\":\"helloWorld\",\"entryPoint\":\"helloWorld\",\"regions\":[\"us-central1\"],\"region\":\"us-central1\",\"id\":\"us-central1-helloWorld\",\"platform\":\"gcfv1\"}"}}
[debug] [2022-01-09T11:16:23.793Z] [runtime-status] [19320] Running us-central1-helloWorld in signature http {"metadata":{"emulator":{"name":"functions"},"function":{"name":"us-central1-helloWorld"},"message":"[runtime-status] [19320] Running us-central1-helloWorld in signature http"}}
[debug] [2022-01-09T11:16:23.796Z] [runtime-status] [19320] Attempting to listen to socketPath: \\?\pipe\C:\Users\Usuario\github\React\VivaMeal\functions\19320 {"metadata":{"emulator":{"name":"functions"},"function":{"name":"us-central1-helloWorld"},"message":"[runtime-status] [19320] Attempting to listen to socketPath: \\\\?\\pipe\\C:\\Users\\Usuario\\github\\React\\VivaMeal\\functions\\19320"}}
[debug] [2022-01-09T11:16:23.797Z] [functions] Runtime ready! Sending request! {"metadata":{"emulator":{"name":"functions"},"message":"[functions] Runtime ready! Sending request!"}}
[debug] [2022-01-09T11:16:23.797Z] [functions] Got req.url=/vivameal/us-central1/helloWorld, mapping to path=/ {"metadata":{"emulator":{"name":"functions"},"message":"[functions] Got req.url=/vivameal/us-central1/helloWorld, mapping to path=/"}}
[debug] [2022-01-09T11:16:23.801Z] [runtime-status] [19320] Ephemeral server handling GET request {"metadata":{"emulator":{"name":"functions"},"function":{"name":"us-central1-helloWorld"},"message":"[runtime-status] [19320] Ephemeral server handling GET request"}}
[info] >  {"structuredData":true,"severity":"INFO","message":"Hello logs!"} {"user":{"structuredData":true,"severity":"INFO","message":"Hello logs!"},"metadata":{"emulator":{"name":"functions"},"function":{"name":"us-central1-helloWorld"},"message":"\u001b[90m> \u001b[39m {\"structuredData\":true,\"severity\":\"INFO\",\"message\":\"Hello logs!\"}"}}
[debug] [2022-01-09T11:16:23.805Z] [runtime-status] [19320] Ephemeral server survived. {"metadata":{"emulator":{"name":"functions"},"function":{"name":"us-central1-helloWorld"},"message":"[runtime-status] [19320] Ephemeral server survived."}}
[info] i  functions: Finished "us-central1-helloWorld" in ~1s {"metadata":{"emulator":{"name":"functions"},"function":{"name":"us-central1-helloWorld"},"message":"Finished \"us-central1-helloWorld\" in ~1s"}}
[debug] [2022-01-09T11:16:23.808Z] [worker-us-central1-helloWorld-49264f33-37d9-4dad-8399-926e933171d3]: IDLE {"metadata":{"emulator":{"name":"functions"},"message":"[worker-us-central1-helloWorld-49264f33-37d9-4dad-8399-926e933171d3]: IDLE"}}
[debug] [2022-01-09T11:16:23.808Z] [work-queue] {"queueLength":0,"workRunningCount":0}
[debug] [2022-01-09T11:16:29.927Z] File C:\Users\Usuario\github\React\VivaMeal\functions\index.js changed, reloading triggers {"metadata":{"emulator":{"name":"functions"},"message":"File C:\\Users\\Usuario\\github\\React\\VivaMeal\\functions\\index.js changed, reloading triggers"}}
[debug] [2022-01-09T11:16:30.933Z] [worker-pool] Shutting down IDLE worker (~diagnostic~) {"metadata":{"emulator":{"name":"functions"},"message":"[worker-pool] Shutting down IDLE worker (~diagnostic~)"}}
[debug] [2022-01-09T11:16:30.933Z] [worker-~diagnostic~-db162f22-e421-4636-9fa0-0ecafef81b20]: FINISHING {"metadata":{"emulator":{"name":"functions"},"message":"[worker-~diagnostic~-db162f22-e421-4636-9fa0-0ecafef81b20]: FINISHING"}}
[debug] [2022-01-09T11:16:30.933Z] [worker-pool] Shutting down IDLE worker (us-central1-helloWorld) {"metadata":{"emulator":{"name":"functions"},"message":"[worker-pool] Shutting down IDLE worker (us-central1-helloWorld)"}}
[debug] [2022-01-09T11:16:30.933Z] [worker-us-central1-helloWorld-49264f33-37d9-4dad-8399-926e933171d3]: FINISHING {"metadata":{"emulator":{"name":"functions"},"message":"[worker-us-central1-helloWorld-49264f33-37d9-4dad-8399-926e933171d3]: FINISHING"}}
[debug] [2022-01-09T11:16:30.937Z] [worker-pool] addWorker(~diagnostic~) {"metadata":{"emulator":{"name":"functions"},"message":"[worker-pool] addWorker(~diagnostic~)"}}
[debug] [2022-01-09T11:16:30.937Z] [worker-pool] Adding worker with key ~diagnostic~, total=2 {"metadata":{"emulator":{"name":"functions"},"message":"[worker-pool] Adding worker with key ~diagnostic~, total=2"}}
[debug] [2022-01-09T11:16:30.937Z] [worker-pool] submitWork(triggerId=) {"metadata":{"emulator":{"name":"functions"},"message":"[worker-pool] submitWork(triggerId=)"}}
[debug] [2022-01-09T11:16:30.937Z] [worker-~diagnostic~-1659c757-b025-4894-a6b1-752e29ebefca]: Assigning socketPath: \\?\pipe\C:\Users\Usuario\github\React\VivaMeal\functions\10140 {"metadata":{"emulator":{"name":"functions"},"message":"[worker-~diagnostic~-1659c757-b025-4894-a6b1-752e29ebefca]: Assigning socketPath: \\\\?\\pipe\\C:\\Users\\Usuario\\github\\React\\VivaMeal\\functions\\10140"}}
[debug] [2022-01-09T11:16:30.937Z] [worker-~diagnostic~-1659c757-b025-4894-a6b1-752e29ebefca]: BUSY {"metadata":{"emulator":{"name":"functions"},"message":"[worker-~diagnostic~-1659c757-b025-4894-a6b1-752e29ebefca]: BUSY"}}
[debug] [2022-01-09T11:16:30.937Z] [worker-~diagnostic~-db162f22-e421-4636-9fa0-0ecafef81b20]: exited {"metadata":{"emulator":{"name":"functions"},"message":"[worker-~diagnostic~-db162f22-e421-4636-9fa0-0ecafef81b20]: exited"}}
[debug] [2022-01-09T11:16:30.938Z] [worker-~diagnostic~-db162f22-e421-4636-9fa0-0ecafef81b20]: FINISHED {"metadata":{"emulator":{"name":"functions"},"message":"[worker-~diagnostic~-db162f22-e421-4636-9fa0-0ecafef81b20]: FINISHED"}}
[debug] [2022-01-09T11:16:30.938Z] [worker-us-central1-helloWorld-49264f33-37d9-4dad-8399-926e933171d3]: exited {"metadata":{"emulator":{"name":"functions"},"message":"[worker-us-central1-helloWorld-49264f33-37d9-4dad-8399-926e933171d3]: exited"}}
[debug] [2022-01-09T11:16:30.938Z] [worker-us-central1-helloWorld-49264f33-37d9-4dad-8399-926e933171d3]: FINISHED {"metadata":{"emulator":{"name":"functions"},"message":"[worker-us-central1-helloWorld-49264f33-37d9-4dad-8399-926e933171d3]: FINISHED"}}
[debug] [2022-01-09T11:16:31.060Z] [runtime-status] [10140] Functions runtime initialized. {"cwd":"C:\\Users\\Usuario\\github\\React\\VivaMeal\\functions","node_version":"16.13.0"} {"metadata":{"emulator":{"name":"functions"},"message":"[runtime-status] [10140] Functions runtime initialized. {\"cwd\":\"C:\\\\Users\\\\Usuario\\\\github\\\\React\\\\VivaMeal\\\\functions\",\"node_version\":\"16.13.0\"}"}}
[debug] [2022-01-09T11:16:31.061Z] [runtime-status] [10140] Disabled runtime features: undefined {"metadata":{"emulator":{"name":"functions"},"message":"[runtime-status] [10140] Disabled runtime features: undefined"}}
[debug] [2022-01-09T11:16:31.064Z] [runtime-status] [10140] Resolved module firebase-admin {"declared":true,"installed":true,"version":"9.12.0","resolution":"C:\\Users\\Usuario\\github\\React\\VivaMeal\\functions\\node_modules\\firebase-admin\\lib\\index.js"} {"metadata":{"emulator":{"name":"functions"},"message":"[runtime-status] [10140] Resolved module firebase-admin {\"declared\":true,\"installed\":true,\"version\":\"9.12.0\",\"resolution\":\"C:\\\\Users\\\\Usuario\\\\github\\\\React\\\\VivaMeal\\\\functions\\\\node_modules\\\\firebase-admin\\\\lib\\\\index.js\"}"}}
[debug] [2022-01-09T11:16:31.066Z] [runtime-status] [10140] Resolved module firebase-functions {"declared":true,"installed":true,"version":"3.16.0","resolution":"C:\\Users\\Usuario\\github\\React\\VivaMeal\\functions\\node_modules\\firebase-functions\\lib\\index.js"} {"metadata":{"emulator":{"name":"functions"},"message":"[runtime-status] [10140] Resolved module firebase-functions {\"declared\":true,\"installed\":true,\"version\":\"3.16.0\",\"resolution\":\"C:\\\\Users\\\\Usuario\\\\github\\\\React\\\\VivaMeal\\\\functions\\\\node_modules\\\\firebase-functions\\\\lib\\\\index.js\"}"}}
[debug] [2022-01-09T11:16:31.067Z] [runtime-status] [10140] Outgoing network have been stubbed. [{"name":"http","status":"mocked"},{"name":"http","status":"mocked"},{"name":"https","status":"mocked"},{"name":"https","status":"mocked"},{"name":"net","status":"mocked"}] {"metadata":{"emulator":{"name":"functions"},"message":"[runtime-status] [10140] Outgoing network have been stubbed. [{\"name\":\"http\",\"status\":\"mocked\"},{\"name\":\"http\",\"status\":\"mocked\"},{\"name\":\"https\",\"status\":\"mocked\"},{\"name\":\"https\",\"status\":\"mocked\"},{\"name\":\"net\",\"status\":\"mocked\"}]"}}
[debug] [2022-01-09T11:16:31.068Z] [runtime-status] [10140] Resolved module firebase-functions {"declared":true,"installed":true,"version":"3.16.0","resolution":"C:\\Users\\Usuario\\github\\React\\VivaMeal\\functions\\node_modules\\firebase-functions\\lib\\index.js"} {"metadata":{"emulator":{"name":"functions"},"message":"[runtime-status] [10140] Resolved module firebase-functions {\"declared\":true,\"installed\":true,\"version\":\"3.16.0\",\"resolution\":\"C:\\\\Users\\\\Usuario\\\\github\\\\React\\\\VivaMeal\\\\functions\\\\node_modules\\\\firebase-functions\\\\lib\\\\index.js\"}"}}
[debug] [2022-01-09T11:16:31.104Z] [runtime-status] [10140] Checked functions.config() {"config":{}} {"metadata":{"emulator":{"name":"functions"},"message":"[runtime-status] [10140] Checked functions.config() {\"config\":{}}"}}
[debug] [2022-01-09T11:16:31.104Z] [runtime-status] [10140] firebase-functions has been stubbed. {"functionsResolution":{"declared":true,"installed":true,"version":"3.16.0","resolution":"C:\\Users\\Usuario\\github\\React\\VivaMeal\\functions\\node_modules\\firebase-functions\\lib\\index.js"}} {"metadata":{"emulator":{"name":"functions"},"message":"[runtime-status] [10140] firebase-functions has been stubbed. {\"functionsResolution\":{\"declared\":true,\"installed\":true,\"version\":\"3.16.0\",\"resolution\":\"C:\\\\Users\\\\Usuario\\\\github\\\\React\\\\VivaMeal\\\\functions\\\\node_modules\\\\firebase-functions\\\\lib\\\\index.js\"}}"}}
[debug] [2022-01-09T11:16:31.105Z] [runtime-status] [10140] Resolved module firebase-functions {"declared":true,"installed":true,"version":"3.16.0","resolution":"C:\\Users\\Usuario\\github\\React\\VivaMeal\\functions\\node_modules\\firebase-functions\\lib\\index.js"} {"metadata":{"emulator":{"name":"functions"},"message":"[runtime-status] [10140] Resolved module firebase-functions {\"declared\":true,\"installed\":true,\"version\":\"3.16.0\",\"resolution\":\"C:\\\\Users\\\\Usuario\\\\github\\\\React\\\\VivaMeal\\\\functions\\\\node_modules\\\\firebase-functions\\\\lib\\\\index.js\"}"}}
[debug] [2022-01-09T11:16:31.106Z] [runtime-status] [10140] Resolved module firebase-admin {"declared":true,"installed":true,"version":"9.12.0","resolution":"C:\\Users\\Usuario\\github\\React\\VivaMeal\\functions\\node_modules\\firebase-admin\\lib\\index.js"} {"metadata":{"emulator":{"name":"functions"},"message":"[runtime-status] [10140] Resolved module firebase-admin {\"declared\":true,\"installed\":true,\"version\":\"9.12.0\",\"resolution\":\"C:\\\\Users\\\\Usuario\\\\github\\\\React\\\\VivaMeal\\\\functions\\\\node_modules\\\\firebase-admin\\\\lib\\\\index.js\"}"}}
[debug] [2022-01-09T11:16:31.106Z] [runtime-status] [10140] Resolved module firebase-functions {"declared":true,"installed":true,"version":"3.16.0","resolution":"C:\\Users\\Usuario\\github\\React\\VivaMeal\\functions\\node_modules\\firebase-functions\\lib\\index.js"} {"metadata":{"emulator":{"name":"functions"},"message":"[runtime-status] [10140] Resolved module firebase-functions {\"declared\":true,\"installed\":true,\"version\":\"3.16.0\",\"resolution\":\"C:\\\\Users\\\\Usuario\\\\github\\\\React\\\\VivaMeal\\\\functions\\\\node_modules\\\\firebase-functions\\\\lib\\\\index.js\"}"}}
[debug] [2022-01-09T11:16:31.106Z] [runtime-status] [10140] firebase-admin has been stubbed. {"adminResolution":{"declared":true,"installed":true,"version":"9.12.0","resolution":"C:\\Users\\Usuario\\github\\React\\VivaMeal\\functions\\node_modules\\firebase-admin\\lib\\index.js"}} {"metadata":{"emulator":{"name":"functions"},"message":"[runtime-status] [10140] firebase-admin has been stubbed. {\"adminResolution\":{\"declared\":true,\"installed\":true,\"version\":\"9.12.0\",\"resolution\":\"C:\\\\Users\\\\Usuario\\\\github\\\\React\\\\VivaMeal\\\\functions\\\\node_modules\\\\firebase-admin\\\\lib\\\\index.js\"}}"}}
[debug] [2022-01-09T11:16:31.108Z] [worker-~diagnostic~-1659c757-b025-4894-a6b1-752e29ebefca]: IDLE {"metadata":{"emulator":{"name":"functions"},"message":"[worker-~diagnostic~-1659c757-b025-4894-a6b1-752e29ebefca]: IDLE"}}
[debug] [2022-01-09T11:16:33.767Z] [work-queue] {"queueLength":1,"workRunningCount":0}
[debug] [2022-01-09T11:16:33.767Z] [work-queue] {"queueLength":0,"workRunningCount":1}
[debug] [2022-01-09T11:16:33.767Z] Accepted request GET /vivameal/us-central1/helloWorld --> us-central1-helloWorld
[debug] [2022-01-09T11:16:33.768Z] [worker-pool] Cleaned up workers for ~diagnostic~: 2 --> 1 {"metadata":{"emulator":{"name":"functions"},"message":"[worker-pool] Cleaned up workers for ~diagnostic~: 2 --> 1"}}
[debug] [2022-01-09T11:16:33.768Z] [worker-pool] Cleaned up workers for us-central1-helloWorld: 1 --> 0 {"metadata":{"emulator":{"name":"functions"},"message":"[worker-pool] Cleaned up workers for us-central1-helloWorld: 1 --> 0"}}
[debug] [2022-01-09T11:16:33.771Z] [worker-pool] addWorker(us-central1-helloWorld) {"metadata":{"emulator":{"name":"functions"},"message":"[worker-pool] addWorker(us-central1-helloWorld)"}}
[debug] [2022-01-09T11:16:33.771Z] [worker-pool] Adding worker with key us-central1-helloWorld, total=1 {"metadata":{"emulator":{"name":"functions"},"message":"[worker-pool] Adding worker with key us-central1-helloWorld, total=1"}}
[debug] [2022-01-09T11:16:33.771Z] [worker-pool] submitWork(triggerId=us-central1-helloWorld) {"metadata":{"emulator":{"name":"functions"},"message":"[worker-pool] submitWork(triggerId=us-central1-helloWorld)"}}
[debug] [2022-01-09T11:16:33.771Z] [worker-us-central1-helloWorld-93b7efd0-0083-459d-a0b9-665ef00d4f67]: Assigning socketPath: \\?\pipe\C:\Users\Usuario\github\React\VivaMeal\functions\18748 {"metadata":{"emulator":{"name":"functions"},"message":"[worker-us-central1-helloWorld-93b7efd0-0083-459d-a0b9-665ef00d4f67]: Assigning socketPath: \\\\?\\pipe\\C:\\Users\\Usuario\\github\\React\\VivaMeal\\functions\\18748"}}
[debug] [2022-01-09T11:16:33.771Z] [worker-us-central1-helloWorld-93b7efd0-0083-459d-a0b9-665ef00d4f67]: BUSY {"metadata":{"emulator":{"name":"functions"},"message":"[worker-us-central1-helloWorld-93b7efd0-0083-459d-a0b9-665ef00d4f67]: BUSY"}}
[debug] [2022-01-09T11:16:33.892Z] [runtime-status] [18748] Functions runtime initialized. {"cwd":"C:\\Users\\Usuario\\github\\React\\VivaMeal\\functions","node_version":"16.13.0"} {"metadata":{"emulator":{"name":"functions"},"function":{"name":"us-central1-helloWorld"},"message":"[runtime-status] [18748] Functions runtime initialized. {\"cwd\":\"C:\\\\Users\\\\Usuario\\\\github\\\\React\\\\VivaMeal\\\\functions\",\"node_version\":\"16.13.0\"}"}}
[debug] [2022-01-09T11:16:33.893Z] [runtime-status] [18748] Disabled runtime features: undefined {"metadata":{"emulator":{"name":"functions"},"function":{"name":"us-central1-helloWorld"},"message":"[runtime-status] [18748] Disabled runtime features: undefined"}}
[debug] [2022-01-09T11:16:33.895Z] [runtime-status] [18748] Resolved module firebase-admin {"declared":true,"installed":true,"version":"9.12.0","resolution":"C:\\Users\\Usuario\\github\\React\\VivaMeal\\functions\\node_modules\\firebase-admin\\lib\\index.js"} {"metadata":{"emulator":{"name":"functions"},"function":{"name":"us-central1-helloWorld"},"message":"[runtime-status] [18748] Resolved module firebase-admin {\"declared\":true,\"installed\":true,\"version\":\"9.12.0\",\"resolution\":\"C:\\\\Users\\\\Usuario\\\\github\\\\React\\\\VivaMeal\\\\functions\\\\node_modules\\\\firebase-admin\\\\lib\\\\index.js\"}"}}
[debug] [2022-01-09T11:16:33.898Z] [runtime-status] [18748] Resolved module firebase-functions {"declared":true,"installed":true,"version":"3.16.0","resolution":"C:\\Users\\Usuario\\github\\React\\VivaMeal\\functions\\node_modules\\firebase-functions\\lib\\index.js"} {"metadata":{"emulator":{"name":"functions"},"function":{"name":"us-central1-helloWorld"},"message":"[runtime-status] [18748] Resolved module firebase-functions {\"declared\":true,\"installed\":true,\"version\":\"3.16.0\",\"resolution\":\"C:\\\\Users\\\\Usuario\\\\github\\\\React\\\\VivaMeal\\\\functions\\\\node_modules\\\\firebase-functions\\\\lib\\\\index.js\"}"}}
[debug] [2022-01-09T11:16:33.899Z] [runtime-status] [18748] Outgoing network have been stubbed. [{"name":"http","status":"mocked"},{"name":"http","status":"mocked"},{"name":"https","status":"mocked"},{"name":"https","status":"mocked"},{"name":"net","status":"mocked"}] {"metadata":{"emulator":{"name":"functions"},"function":{"name":"us-central1-helloWorld"},"message":"[runtime-status] [18748] Outgoing network have been stubbed. [{\"name\":\"http\",\"status\":\"mocked\"},{\"name\":\"http\",\"status\":\"mocked\"},{\"name\":\"https\",\"status\":\"mocked\"},{\"name\":\"https\",\"status\":\"mocked\"},{\"name\":\"net\",\"status\":\"mocked\"}]"}}
[debug] [2022-01-09T11:16:33.900Z] [runtime-status] [18748] Resolved module firebase-functions {"declared":true,"installed":true,"version":"3.16.0","resolution":"C:\\Users\\Usuario\\github\\React\\VivaMeal\\functions\\node_modules\\firebase-functions\\lib\\index.js"} {"metadata":{"emulator":{"name":"functions"},"function":{"name":"us-central1-helloWorld"},"message":"[runtime-status] [18748] Resolved module firebase-functions {\"declared\":true,\"installed\":true,\"version\":\"3.16.0\",\"resolution\":\"C:\\\\Users\\\\Usuario\\\\github\\\\React\\\\VivaMeal\\\\functions\\\\node_modules\\\\firebase-functions\\\\lib\\\\index.js\"}"}}
[debug] [2022-01-09T11:16:33.934Z] [runtime-status] [18748] Checked functions.config() {"config":{}} {"metadata":{"emulator":{"name":"functions"},"function":{"name":"us-central1-helloWorld"},"message":"[runtime-status] [18748] Checked functions.config() {\"config\":{}}"}}
[debug] [2022-01-09T11:16:33.934Z] [runtime-status] [18748] firebase-functions has been stubbed. {"functionsResolution":{"declared":true,"installed":true,"version":"3.16.0","resolution":"C:\\Users\\Usuario\\github\\React\\VivaMeal\\functions\\node_modules\\firebase-functions\\lib\\index.js"}} {"metadata":{"emulator":{"name":"functions"},"function":{"name":"us-central1-helloWorld"},"message":"[runtime-status] [18748] firebase-functions has been stubbed. {\"functionsResolution\":{\"declared\":true,\"installed\":true,\"version\":\"3.16.0\",\"resolution\":\"C:\\\\Users\\\\Usuario\\\\github\\\\React\\\\VivaMeal\\\\functions\\\\node_modules\\\\firebase-functions\\\\lib\\\\index.js\"}}"}}
[debug] [2022-01-09T11:16:33.935Z] [runtime-status] [18748] Resolved module firebase-functions {"declared":true,"installed":true,"version":"3.16.0","resolution":"C:\\Users\\Usuario\\github\\React\\VivaMeal\\functions\\node_modules\\firebase-functions\\lib\\index.js"} {"metadata":{"emulator":{"name":"functions"},"function":{"name":"us-central1-helloWorld"},"message":"[runtime-status] [18748] Resolved module firebase-functions {\"declared\":true,\"installed\":true,\"version\":\"3.16.0\",\"resolution\":\"C:\\\\Users\\\\Usuario\\\\github\\\\React\\\\VivaMeal\\\\functions\\\\node_modules\\\\firebase-functions\\\\lib\\\\index.js\"}"}}
[debug] [2022-01-09T11:16:33.936Z] [runtime-status] [18748] Resolved module firebase-admin {"declared":true,"installed":true,"version":"9.12.0","resolution":"C:\\Users\\Usuario\\github\\React\\VivaMeal\\functions\\node_modules\\firebase-admin\\lib\\index.js"} {"metadata":{"emulator":{"name":"functions"},"function":{"name":"us-central1-helloWorld"},"message":"[runtime-status] [18748] Resolved module firebase-admin {\"declared\":true,\"installed\":true,\"version\":\"9.12.0\",\"resolution\":\"C:\\\\Users\\\\Usuario\\\\github\\\\React\\\\VivaMeal\\\\functions\\\\node_modules\\\\firebase-admin\\\\lib\\\\index.js\"}"}}
[debug] [2022-01-09T11:16:33.937Z] [runtime-status] [18748] Resolved module firebase-functions {"declared":true,"installed":true,"version":"3.16.0","resolution":"C:\\Users\\Usuario\\github\\React\\VivaMeal\\functions\\node_modules\\firebase-functions\\lib\\index.js"} {"metadata":{"emulator":{"name":"functions"},"function":{"name":"us-central1-helloWorld"},"message":"[runtime-status] [18748] Resolved module firebase-functions {\"declared\":true,\"installed\":true,\"version\":\"3.16.0\",\"resolution\":\"C:\\\\Users\\\\Usuario\\\\github\\\\React\\\\VivaMeal\\\\functions\\\\node_modules\\\\firebase-functions\\\\lib\\\\index.js\"}"}}
[debug] [2022-01-09T11:16:33.937Z] [runtime-status] [18748] firebase-admin has been stubbed. {"adminResolution":{"declared":true,"installed":true,"version":"9.12.0","resolution":"C:\\Users\\Usuario\\github\\React\\VivaMeal\\functions\\node_modules\\firebase-admin\\lib\\index.js"}} {"metadata":{"emulator":{"name":"functions"},"function":{"name":"us-central1-helloWorld"},"message":"[runtime-status] [18748] firebase-admin has been stubbed. {\"adminResolution\":{\"declared\":true,\"installed\":true,\"version\":\"9.12.0\",\"resolution\":\"C:\\\\Users\\\\Usuario\\\\github\\\\React\\\\VivaMeal\\\\functions\\\\node_modules\\\\firebase-admin\\\\lib\\\\index.js\"}}"}}
[debug] [2022-01-09T11:16:33.938Z] [runtime-status] [18748] Trigger "us-central1-helloWorld" has been found, beginning invocation! {"metadata":{"emulator":{"name":"functions"},"function":{"name":"us-central1-helloWorld"},"message":"[runtime-status] [18748] Trigger \"us-central1-helloWorld\" has been found, beginning invocation!"}}
[info] i  functions: Beginning execution of "us-central1-helloWorld" {"metadata":{"emulator":{"name":"functions"},"function":{"name":"us-central1-helloWorld"},"message":"Beginning execution of \"us-central1-helloWorld\""}}
[debug] [2022-01-09T11:16:33.939Z] [runtime-status] [18748] triggerDefinition {"httpsTrigger":{},"name":"helloWorld","entryPoint":"helloWorld","regions":["us-central1"],"region":"us-central1","id":"us-central1-helloWorld","platform":"gcfv1"} {"metadata":{"emulator":{"name":"functions"},"function":{"name":"us-central1-helloWorld"},"message":"[runtime-status] [18748] triggerDefinition {\"httpsTrigger\":{},\"name\":\"helloWorld\",\"entryPoint\":\"helloWorld\",\"regions\":[\"us-central1\"],\"region\":\"us-central1\",\"id\":\"us-central1-helloWorld\",\"platform\":\"gcfv1\"}"}}
[debug] [2022-01-09T11:16:33.939Z] [runtime-status] [18748] Running us-central1-helloWorld in signature http {"metadata":{"emulator":{"name":"functions"},"function":{"name":"us-central1-helloWorld"},"message":"[runtime-status] [18748] Running us-central1-helloWorld in signature http"}}
[debug] [2022-01-09T11:16:33.941Z] [runtime-status] [18748] Attempting to listen to socketPath: \\?\pipe\C:\Users\Usuario\github\React\VivaMeal\functions\18748 {"metadata":{"emulator":{"name":"functions"},"function":{"name":"us-central1-helloWorld"},"message":"[runtime-status] [18748] Attempting to listen to socketPath: \\\\?\\pipe\\C:\\Users\\Usuario\\github\\React\\VivaMeal\\functions\\18748"}}
[debug] [2022-01-09T11:16:33.943Z] [functions] Runtime ready! Sending request! {"metadata":{"emulator":{"name":"functions"},"message":"[functions] Runtime ready! Sending request!"}}
[debug] [2022-01-09T11:16:33.943Z] [functions] Got req.url=/vivameal/us-central1/helloWorld, mapping to path=/ {"metadata":{"emulator":{"name":"functions"},"message":"[functions] Got req.url=/vivameal/us-central1/helloWorld, mapping to path=/"}}
[debug] [2022-01-09T11:16:33.947Z] [runtime-status] [18748] Ephemeral server handling GET request {"metadata":{"emulator":{"name":"functions"},"function":{"name":"us-central1-helloWorld"},"message":"[runtime-status] [18748] Ephemeral server handling GET request"}}
[info] >  {"structuredData":true,"severity":"INFO","message":"Hello logs!"} {"user":{"structuredData":true,"severity":"INFO","message":"Hello logs!"},"metadata":{"emulator":{"name":"functions"},"function":{"name":"us-central1-helloWorld"},"message":"\u001b[90m> \u001b[39m {\"structuredData\":true,\"severity\":\"INFO\",\"message\":\"Hello logs!\"}"}}
[debug] [2022-01-09T11:16:33.951Z] [runtime-status] [18748] Ephemeral server survived. {"metadata":{"emulator":{"name":"functions"},"function":{"name":"us-central1-helloWorld"},"message":"[runtime-status] [18748] Ephemeral server survived."}}
[info] i  functions: Finished "us-central1-helloWorld" in ~1s {"metadata":{"emulator":{"name":"functions"},"function":{"name":"us-central1-helloWorld"},"message":"Finished \"us-central1-helloWorld\" in ~1s"}}
[debug] [2022-01-09T11:16:33.953Z] [worker-us-central1-helloWorld-93b7efd0-0083-459d-a0b9-665ef00d4f67]: IDLE {"metadata":{"emulator":{"name":"functions"},"message":"[worker-us-central1-helloWorld-93b7efd0-0083-459d-a0b9-665ef00d4f67]: IDLE"}}
[debug] [2022-01-09T11:16:33.954Z] [work-queue] {"queueLength":0,"workRunningCount":0}
